<?xml version="1.0" encoding="UTF-8"?>
<!-- Generated by org.testng.reporters.JUnitXMLReporter -->
<testsuite hostname="LAPTOP-KO317EUS" ignored="0" name="Test1" tests="1" failures="1" timestamp="2020-02-22T13:47:18 PST" time="0.031" errors="0">
  <testcase name="f" time="0.003" classname="Mainpage.MainTest">
    <failure type="java.lang.Error" message="Unresolved compilation problems: 
	The method passwords() is undefined for the type mainpage
	The method button() is undefined for the type mainpage
">
      <![CDATA[java.lang.Error: Unresolved compilation problems: 
The method passwords() is undefined for the type mainpage
The method button() is undefined for the type mainpage

at Mainpage.MainTest.f(MainTest.java:17)
at java.util.concurrent.ThreadPoolExecutor.runWorker(Unknown Source)
at java.util.concurrent.ThreadPoolExecutor$Worker.run(Unknown Source)
at java.lang.Thread.run(Unknown Source)
... Removed 12 stack frames]]>
    </failure>
  </testcase> <!-- f -->
</testsuite> <!-- Test1 -->
